05-Sep-2019 10:55:52.641 INFO [main] org.apache.catalina.startup.VersionLoggerListener.log Server version name:   Apache Tomcat/9.0.24
05-Sep-2019 10:55:52.641 INFO [main] org.apache.catalina.startup.VersionLoggerListener.log Server built:          Aug 14 2019 21:16:42 UTC
05-Sep-2019 10:55:52.641 INFO [main] org.apache.catalina.startup.VersionLoggerListener.log Server version number: 9.0.24.0
05-Sep-2019 10:55:52.642 INFO [main] org.apache.catalina.startup.VersionLoggerListener.log OS Name:               Linux
05-Sep-2019 10:55:52.642 INFO [main] org.apache.catalina.startup.VersionLoggerListener.log OS Version:            4.15.0-60-generic
05-Sep-2019 10:55:52.642 INFO [main] org.apache.catalina.startup.VersionLoggerListener.log Architecture:          amd64
05-Sep-2019 10:55:52.642 INFO [main] org.apache.catalina.startup.VersionLoggerListener.log Java Home:             /usr/lib/jvm/java-8-openjdk-amd64/jre
05-Sep-2019 10:55:52.642 INFO [main] org.apache.catalina.startup.VersionLoggerListener.log JVM Version:           1.8.0_222-8u222-b10-1ubuntu1~16.04.1-b10
05-Sep-2019 10:55:52.642 INFO [main] org.apache.catalina.startup.VersionLoggerListener.log JVM Vendor:            Private Build
05-Sep-2019 10:55:52.642 INFO [main] org.apache.catalina.startup.VersionLoggerListener.log CATALINA_BASE:         /home/kehan/android-workspace/PictureMasterServer/apache-tomcat-9.0.24
05-Sep-2019 10:55:52.642 INFO [main] org.apache.catalina.startup.VersionLoggerListener.log CATALINA_HOME:         /home/kehan/android-workspace/PictureMasterServer/apache-tomcat-9.0.24
05-Sep-2019 10:55:52.646 INFO [main] org.apache.catalina.startup.VersionLoggerListener.log Command line argument: -Djava.util.logging.config.file=/home/kehan/android-workspace/PictureMasterServer/apache-tomcat-9.0.24/conf/logging.properties
05-Sep-2019 10:55:52.646 INFO [main] org.apache.catalina.startup.VersionLoggerListener.log Command line argument: -Djava.util.logging.manager=org.apache.juli.ClassLoaderLogManager
05-Sep-2019 10:55:52.646 INFO [main] org.apache.catalina.startup.VersionLoggerListener.log Command line argument: -Djdk.tls.ephemeralDHKeySize=2048
05-Sep-2019 10:55:52.646 INFO [main] org.apache.catalina.startup.VersionLoggerListener.log Command line argument: -Djava.protocol.handler.pkgs=org.apache.catalina.webresources
05-Sep-2019 10:55:52.646 INFO [main] org.apache.catalina.startup.VersionLoggerListener.log Command line argument: -Dorg.apache.catalina.security.SecurityListener.UMASK=0027
05-Sep-2019 10:55:52.646 INFO [main] org.apache.catalina.startup.VersionLoggerListener.log Command line argument: -Dignore.endorsed.dirs=
05-Sep-2019 10:55:52.646 INFO [main] org.apache.catalina.startup.VersionLoggerListener.log Command line argument: -Dcatalina.base=/home/kehan/android-workspace/PictureMasterServer/apache-tomcat-9.0.24
05-Sep-2019 10:55:52.646 INFO [main] org.apache.catalina.startup.VersionLoggerListener.log Command line argument: -Dcatalina.home=/home/kehan/android-workspace/PictureMasterServer/apache-tomcat-9.0.24
05-Sep-2019 10:55:52.646 INFO [main] org.apache.catalina.startup.VersionLoggerListener.log Command line argument: -Djava.io.tmpdir=/home/kehan/android-workspace/PictureMasterServer/apache-tomcat-9.0.24/temp
05-Sep-2019 10:55:52.646 INFO [main] org.apache.catalina.core.AprLifecycleListener.lifecycleEvent The APR based Apache Tomcat Native library which allows optimal performance in production environments was not found on the java.library.path: [/home/kehan/unstable_ws/devel/lib:/home/kehan/focus_ws/devel/lib:/home/kehan/kehan_ws/devel_isolated/realsense_gazebo_plugin/lib:/home/kehan/kehan_ws/devel_isolated/local_planner/lib:/home/kehan/kehan_ws/devel_isolated/global_planner/lib:/home/kehan/kehan_ws/devel_isolated/vwbot_bringup/lib:/home/kehan/kehan_ws/devel_isolated/turtlebot3_teleop/lib:/home/kehan/kehan_ws/devel_isolated/turtlebot3_navigation/lib:/home/kehan/kehan_ws/devel_isolated/turtlebot3_msgs/lib:/home/kehan/kehan_ws/devel_isolated/test_mavros/lib:/home/kehan/kehan_ws/devel_isolated/sanchi_driver/lib:/home/kehan/kehan_ws/devel_isolated/rviz_imu_plugin/lib:/home/kehan/kehan_ws/devel_isolated/rplidar_ros/lib:/home/kehan/kehan_ws/devel_isolated/keyboard_ctrl/lib:/home/kehan/kehan_ws/devel_isolated/libmavconn/lib:/home/kehan/kehan_ws/devel_isolated/imu_filter_madgwick/lib:/home/kehan/kehan_ws/devel_isolated/imu_complementary_filter/lib:/home/kehan/kehan_ws/devel_isolated/cartographer_rviz/lib:/home/kehan/kehan_ws/devel_isolated/cartographer_ros/lib:/home/kehan/kehan_ws/devel_isolated/cartographer_ros_msgs/lib:/home/kehan/Autoware/ros/devel/lib:/opt/ros/kinetic/lib:/opt/ros/kinetic/lib/x86_64-linux-gnu:/home/kehan/kehan_ws/devel_isolated/cartographer/lib:/home/kehan/kehan_ws/devel_isolated/ceres-solver/lib:/usr/local/cuda-10.0/lib64:/usr/java/packages/lib/amd64:/usr/lib/x86_64-linux-gnu/jni:/lib/x86_64-linux-gnu:/usr/lib/x86_64-linux-gnu:/usr/lib/jni:/lib:/usr/lib]
05-Sep-2019 10:55:52.789 INFO [main] org.apache.coyote.AbstractProtocol.init Initializing ProtocolHandler ["http-nio-8080"]
05-Sep-2019 10:55:52.835 INFO [main] org.apache.coyote.AbstractProtocol.init Initializing ProtocolHandler ["ajp-nio-8009"]
05-Sep-2019 10:55:52.836 INFO [main] org.apache.catalina.startup.Catalina.load Server initialization in [304] milliseconds
05-Sep-2019 10:55:52.850 INFO [main] org.apache.catalina.core.StandardService.startInternal Starting service [Catalina]
05-Sep-2019 10:55:52.850 INFO [main] org.apache.catalina.core.StandardEngine.startInternal Starting Servlet engine: [Apache Tomcat/9.0.24]
05-Sep-2019 10:55:52.855 INFO [main] org.apache.catalina.startup.HostConfig.deployDirectory Deploying web application directory [/home/kehan/android-workspace/PictureMasterServer/apache-tomcat-9.0.24/webapps/host-manager]
05-Sep-2019 10:55:52.979 INFO [main] org.apache.catalina.startup.HostConfig.deployDirectory Deployment of web application directory [/home/kehan/android-workspace/PictureMasterServer/apache-tomcat-9.0.24/webapps/host-manager] has finished in [124] ms
05-Sep-2019 10:55:52.979 INFO [main] org.apache.catalina.startup.HostConfig.deployDirectory Deploying web application directory [/home/kehan/android-workspace/PictureMasterServer/apache-tomcat-9.0.24/webapps/examples]
05-Sep-2019 10:55:53.089 INFO [main] org.apache.catalina.core.ApplicationContext.log ContextListener: contextInitialized()
05-Sep-2019 10:55:53.089 INFO [main] org.apache.catalina.core.ApplicationContext.log SessionListener: contextInitialized()
05-Sep-2019 10:55:53.090 INFO [main] org.apache.catalina.core.ApplicationContext.log ContextListener: attributeAdded('StockTicker', 'async.Stockticker@1c1bbc4e')
05-Sep-2019 10:55:53.092 INFO [main] org.apache.catalina.startup.HostConfig.deployDirectory Deployment of web application directory [/home/kehan/android-workspace/PictureMasterServer/apache-tomcat-9.0.24/webapps/examples] has finished in [113] ms
05-Sep-2019 10:55:53.092 INFO [main] org.apache.catalina.startup.HostConfig.deployDirectory Deploying web application directory [/home/kehan/android-workspace/PictureMasterServer/apache-tomcat-9.0.24/webapps/docs]
05-Sep-2019 10:55:53.099 INFO [main] org.apache.catalina.startup.HostConfig.deployDirectory Deployment of web application directory [/home/kehan/android-workspace/PictureMasterServer/apache-tomcat-9.0.24/webapps/docs] has finished in [7] ms
05-Sep-2019 10:55:53.100 INFO [main] org.apache.catalina.startup.HostConfig.deployDirectory Deploying web application directory [/home/kehan/android-workspace/PictureMasterServer/apache-tomcat-9.0.24/webapps/PictureMasterServer_war]
05-Sep-2019 10:55:53.117 INFO [main] org.apache.jasper.servlet.TldScanner.scanJars At least one JAR was scanned for TLDs yet contained no TLDs. Enable debug logging for this logger for a complete list of JARs that were scanned but no TLDs were found in them. Skipping unneeded JARs during scanning can improve startup time and JSP compilation time.
05-Sep-2019 10:55:53.120 INFO [main] org.apache.catalina.startup.HostConfig.deployDirectory Deployment of web application directory [/home/kehan/android-workspace/PictureMasterServer/apache-tomcat-9.0.24/webapps/PictureMasterServer_war] has finished in [21] ms
05-Sep-2019 10:55:53.120 INFO [main] org.apache.catalina.startup.HostConfig.deployDirectory Deploying web application directory [/home/kehan/android-workspace/PictureMasterServer/apache-tomcat-9.0.24/webapps/ROOT]
05-Sep-2019 10:55:53.127 INFO [main] org.apache.catalina.startup.HostConfig.deployDirectory Deployment of web application directory [/home/kehan/android-workspace/PictureMasterServer/apache-tomcat-9.0.24/webapps/ROOT] has finished in [7] ms
05-Sep-2019 10:55:53.127 INFO [main] org.apache.catalina.startup.HostConfig.deployDirectory Deploying web application directory [/home/kehan/android-workspace/PictureMasterServer/apache-tomcat-9.0.24/webapps/manager]
05-Sep-2019 10:55:53.137 INFO [main] org.apache.catalina.startup.HostConfig.deployDirectory Deployment of web application directory [/home/kehan/android-workspace/PictureMasterServer/apache-tomcat-9.0.24/webapps/manager] has finished in [9] ms
05-Sep-2019 10:55:53.138 SEVERE [main] org.apache.catalina.mapper.MapperListener.findDefaultHost Unknown default host [localhost] for service [StandardService[Catalina]]. Tomcat will not be able process HTTP/1.0 requests that do not specify a host name.
05-Sep-2019 10:55:53.139 SEVERE [main] org.apache.catalina.mapper.MapperListener.findDefaultHost Unknown default host [localhost] for service [StandardService[Catalina]]. Tomcat will not be able process HTTP/1.0 requests that do not specify a host name.
05-Sep-2019 10:55:53.139 INFO [main] org.apache.coyote.AbstractProtocol.start Starting ProtocolHandler ["http-nio-8080"]
05-Sep-2019 10:55:53.146 INFO [main] org.apache.coyote.AbstractProtocol.start Starting ProtocolHandler ["ajp-nio-8009"]
05-Sep-2019 10:55:53.152 INFO [main] org.apache.catalina.startup.Catalina.start Server startup in [315] milliseconds
05-Sep-2019 11:10:36.897 INFO [main] org.apache.catalina.core.StandardServer.await A valid shutdown command was received via the shutdown port. Stopping the Server instance.
05-Sep-2019 11:10:36.898 INFO [main] org.apache.coyote.AbstractProtocol.pause Pausing ProtocolHandler ["http-nio-8080"]
05-Sep-2019 11:10:36.904 INFO [main] org.apache.coyote.AbstractProtocol.pause Pausing ProtocolHandler ["ajp-nio-8009"]
05-Sep-2019 11:10:36.910 INFO [main] org.apache.catalina.core.StandardService.stopInternal Stopping service [Catalina]
05-Sep-2019 11:10:36.910 SEVERE [main] org.apache.catalina.mapper.MapperListener.findDefaultHost Unknown default host [localhost] for service [StandardService[Catalina]]. Tomcat will not be able process HTTP/1.0 requests that do not specify a host name.
05-Sep-2019 11:10:36.917 INFO [main] org.apache.catalina.core.ApplicationContext.log SessionListener: contextDestroyed()
05-Sep-2019 11:10:36.917 INFO [main] org.apache.catalina.core.ApplicationContext.log ContextListener: contextDestroyed()
05-Sep-2019 11:10:36.928 INFO [main] org.apache.coyote.AbstractProtocol.stop Stopping ProtocolHandler ["http-nio-8080"]
05-Sep-2019 11:10:36.929 INFO [main] org.apache.coyote.AbstractProtocol.stop Stopping ProtocolHandler ["ajp-nio-8009"]
05-Sep-2019 11:10:36.929 INFO [main] org.apache.coyote.AbstractProtocol.destroy Destroying ProtocolHandler ["http-nio-8080"]
05-Sep-2019 11:10:36.930 INFO [main] org.apache.coyote.AbstractProtocol.destroy Destroying ProtocolHandler ["ajp-nio-8009"]
