04-Sep-2019 15:56:15.312 INFO [main] org.apache.catalina.startup.VersionLoggerListener.log Server version name:   Apache Tomcat/9.0.24
04-Sep-2019 15:56:15.313 INFO [main] org.apache.catalina.startup.VersionLoggerListener.log Server built:          Aug 14 2019 21:16:42 UTC
04-Sep-2019 15:56:15.313 INFO [main] org.apache.catalina.startup.VersionLoggerListener.log Server version number: 9.0.24.0
04-Sep-2019 15:56:15.313 INFO [main] org.apache.catalina.startup.VersionLoggerListener.log OS Name:               Linux
04-Sep-2019 15:56:15.313 INFO [main] org.apache.catalina.startup.VersionLoggerListener.log OS Version:            4.15.0-58-generic
04-Sep-2019 15:56:15.313 INFO [main] org.apache.catalina.startup.VersionLoggerListener.log Architecture:          amd64
04-Sep-2019 15:56:15.313 INFO [main] org.apache.catalina.startup.VersionLoggerListener.log Java Home:             /usr/lib/jvm/java-8-openjdk-amd64/jre
04-Sep-2019 15:56:15.313 INFO [main] org.apache.catalina.startup.VersionLoggerListener.log JVM Version:           1.8.0_222-8u222-b10-1ubuntu1~16.04.1-b10
04-Sep-2019 15:56:15.314 INFO [main] org.apache.catalina.startup.VersionLoggerListener.log JVM Vendor:            Private Build
04-Sep-2019 15:56:15.314 INFO [main] org.apache.catalina.startup.VersionLoggerListener.log CATALINA_BASE:         /home/kehan/android-workspace/WebTest/apache-tomcat-9.0.24
04-Sep-2019 15:56:15.314 INFO [main] org.apache.catalina.startup.VersionLoggerListener.log CATALINA_HOME:         /home/kehan/android-workspace/WebTest/apache-tomcat-9.0.24
04-Sep-2019 15:56:15.314 INFO [main] org.apache.catalina.startup.VersionLoggerListener.log Command line argument: -Djava.util.logging.config.file=/home/kehan/android-workspace/WebTest/apache-tomcat-9.0.24/conf/logging.properties
04-Sep-2019 15:56:15.314 INFO [main] org.apache.catalina.startup.VersionLoggerListener.log Command line argument: -Djava.util.logging.manager=org.apache.juli.ClassLoaderLogManager
04-Sep-2019 15:56:15.314 INFO [main] org.apache.catalina.startup.VersionLoggerListener.log Command line argument: -Djdk.tls.ephemeralDHKeySize=2048
04-Sep-2019 15:56:15.314 INFO [main] org.apache.catalina.startup.VersionLoggerListener.log Command line argument: -Djava.protocol.handler.pkgs=org.apache.catalina.webresources
04-Sep-2019 15:56:15.314 INFO [main] org.apache.catalina.startup.VersionLoggerListener.log Command line argument: -Dorg.apache.catalina.security.SecurityListener.UMASK=0027
04-Sep-2019 15:56:15.314 INFO [main] org.apache.catalina.startup.VersionLoggerListener.log Command line argument: -Dignore.endorsed.dirs=
04-Sep-2019 15:56:15.314 INFO [main] org.apache.catalina.startup.VersionLoggerListener.log Command line argument: -Dcatalina.base=/home/kehan/android-workspace/WebTest/apache-tomcat-9.0.24
04-Sep-2019 15:56:15.314 INFO [main] org.apache.catalina.startup.VersionLoggerListener.log Command line argument: -Dcatalina.home=/home/kehan/android-workspace/WebTest/apache-tomcat-9.0.24
04-Sep-2019 15:56:15.314 INFO [main] org.apache.catalina.startup.VersionLoggerListener.log Command line argument: -Djava.io.tmpdir=/home/kehan/android-workspace/WebTest/apache-tomcat-9.0.24/temp
04-Sep-2019 15:56:15.315 INFO [main] org.apache.catalina.core.AprLifecycleListener.lifecycleEvent The APR based Apache Tomcat Native library which allows optimal performance in production environments was not found on the java.library.path: [/home/kehan/unstable_ws/devel/lib:/home/kehan/focus_ws/devel/lib:/home/kehan/kehan_ws/devel_isolated/realsense_gazebo_plugin/lib:/home/kehan/kehan_ws/devel_isolated/local_planner/lib:/home/kehan/kehan_ws/devel_isolated/global_planner/lib:/home/kehan/kehan_ws/devel_isolated/vwbot_bringup/lib:/home/kehan/kehan_ws/devel_isolated/turtlebot3_teleop/lib:/home/kehan/kehan_ws/devel_isolated/turtlebot3_navigation/lib:/home/kehan/kehan_ws/devel_isolated/turtlebot3_msgs/lib:/home/kehan/kehan_ws/devel_isolated/test_mavros/lib:/home/kehan/kehan_ws/devel_isolated/sanchi_driver/lib:/home/kehan/kehan_ws/devel_isolated/rviz_imu_plugin/lib:/home/kehan/kehan_ws/devel_isolated/rplidar_ros/lib:/home/kehan/kehan_ws/devel_isolated/keyboard_ctrl/lib:/home/kehan/kehan_ws/devel_isolated/libmavconn/lib:/home/kehan/kehan_ws/devel_isolated/imu_filter_madgwick/lib:/home/kehan/kehan_ws/devel_isolated/imu_complementary_filter/lib:/home/kehan/kehan_ws/devel_isolated/cartographer_rviz/lib:/home/kehan/kehan_ws/devel_isolated/cartographer_ros/lib:/home/kehan/kehan_ws/devel_isolated/cartographer_ros_msgs/lib:/home/kehan/Autoware/ros/devel/lib:/opt/ros/kinetic/lib:/opt/ros/kinetic/lib/x86_64-linux-gnu:/home/kehan/kehan_ws/devel_isolated/cartographer/lib:/home/kehan/kehan_ws/devel_isolated/ceres-solver/lib:/usr/local/cuda-10.0/lib64:/usr/java/packages/lib/amd64:/usr/lib/x86_64-linux-gnu/jni:/lib/x86_64-linux-gnu:/usr/lib/x86_64-linux-gnu:/usr/lib/jni:/lib:/usr/lib]
04-Sep-2019 15:56:15.440 INFO [main] org.apache.coyote.AbstractProtocol.init Initializing ProtocolHandler ["http-nio-8080"]
04-Sep-2019 15:56:15.484 INFO [main] org.apache.coyote.AbstractProtocol.init Initializing ProtocolHandler ["ajp-nio-8009"]
04-Sep-2019 15:56:15.486 INFO [main] org.apache.catalina.startup.Catalina.load Server initialization in [264] milliseconds
04-Sep-2019 15:56:15.501 INFO [main] org.apache.catalina.core.StandardService.startInternal Starting service [Catalina]
04-Sep-2019 15:56:15.501 INFO [main] org.apache.catalina.core.StandardEngine.startInternal Starting Servlet engine: [Apache Tomcat/9.0.24]
04-Sep-2019 15:56:15.507 INFO [main] org.apache.catalina.startup.HostConfig.deployDirectory Deploying web application directory [/home/kehan/android-workspace/WebTest/apache-tomcat-9.0.24/webapps/host-manager]
04-Sep-2019 15:56:15.636 INFO [main] org.apache.catalina.startup.HostConfig.deployDirectory Deployment of web application directory [/home/kehan/android-workspace/WebTest/apache-tomcat-9.0.24/webapps/host-manager] has finished in [129] ms
04-Sep-2019 15:56:15.636 INFO [main] org.apache.catalina.startup.HostConfig.deployDirectory Deploying web application directory [/home/kehan/android-workspace/WebTest/apache-tomcat-9.0.24/webapps/examples]
04-Sep-2019 15:56:15.750 INFO [main] org.apache.catalina.startup.HostConfig.deployDirectory Deployment of web application directory [/home/kehan/android-workspace/WebTest/apache-tomcat-9.0.24/webapps/examples] has finished in [114] ms
04-Sep-2019 15:56:15.750 INFO [main] org.apache.catalina.startup.HostConfig.deployDirectory Deploying web application directory [/home/kehan/android-workspace/WebTest/apache-tomcat-9.0.24/webapps/docs]
04-Sep-2019 15:56:15.758 INFO [main] org.apache.catalina.startup.HostConfig.deployDirectory Deployment of web application directory [/home/kehan/android-workspace/WebTest/apache-tomcat-9.0.24/webapps/docs] has finished in [8] ms
04-Sep-2019 15:56:15.758 INFO [main] org.apache.catalina.startup.HostConfig.deployDirectory Deploying web application directory [/home/kehan/android-workspace/WebTest/apache-tomcat-9.0.24/webapps/ROOT]
04-Sep-2019 15:56:15.766 INFO [main] org.apache.catalina.startup.HostConfig.deployDirectory Deployment of web application directory [/home/kehan/android-workspace/WebTest/apache-tomcat-9.0.24/webapps/ROOT] has finished in [8] ms
04-Sep-2019 15:56:15.766 INFO [main] org.apache.catalina.startup.HostConfig.deployDirectory Deploying web application directory [/home/kehan/android-workspace/WebTest/apache-tomcat-9.0.24/webapps/manager]
04-Sep-2019 15:56:15.776 INFO [main] org.apache.catalina.startup.HostConfig.deployDirectory Deployment of web application directory [/home/kehan/android-workspace/WebTest/apache-tomcat-9.0.24/webapps/manager] has finished in [10] ms
04-Sep-2019 15:56:15.778 INFO [main] org.apache.coyote.AbstractProtocol.start Starting ProtocolHandler ["http-nio-8080"]
04-Sep-2019 15:56:15.785 INFO [main] org.apache.coyote.AbstractProtocol.start Starting ProtocolHandler ["ajp-nio-8009"]
04-Sep-2019 15:56:15.790 INFO [main] org.apache.catalina.startup.Catalina.start Server startup in [303] milliseconds
04-Sep-2019 15:56:45.783 INFO [Catalina-utility-1] org.apache.catalina.startup.HostConfig.deployWAR Deploying web application archive [/home/kehan/android-workspace/WebTest/apache-tomcat-9.0.24/webapps/WebTest_war exploded.war]
04-Sep-2019 15:56:45.806 INFO [Catalina-utility-1] org.apache.catalina.startup.HostConfig.deployWAR Deployment of web application archive [/home/kehan/android-workspace/WebTest/apache-tomcat-9.0.24/webapps/WebTest_war exploded.war] has finished in [23] ms
04-Sep-2019 16:02:26.845 INFO [Catalina-utility-2] org.apache.catalina.startup.HostConfig.undeploy Undeploying context [/WebTest_war exploded]
04-Sep-2019 16:02:26.867 INFO [Catalina-utility-2] org.apache.catalina.startup.HostConfig.deployWAR Deploying web application archive [/home/kehan/android-workspace/WebTest/apache-tomcat-9.0.24/webapps/WebTest_war exploded.war]
04-Sep-2019 16:02:26.894 INFO [Catalina-utility-2] org.apache.catalina.startup.HostConfig.deployWAR Deployment of web application archive [/home/kehan/android-workspace/WebTest/apache-tomcat-9.0.24/webapps/WebTest_war exploded.war] has finished in [27] ms
04-Sep-2019 16:03:07.398 INFO [Catalina-utility-2] org.apache.catalina.startup.HostConfig.undeploy Undeploying context [/WebTest_war exploded]
04-Sep-2019 16:03:07.403 INFO [Catalina-utility-2] org.apache.catalina.startup.HostConfig.deployWAR Deploying web application archive [/home/kehan/android-workspace/WebTest/apache-tomcat-9.0.24/webapps/WebTest_war exploded.war]
04-Sep-2019 16:03:07.415 INFO [Catalina-utility-2] org.apache.catalina.startup.HostConfig.deployWAR Deployment of web application archive [/home/kehan/android-workspace/WebTest/apache-tomcat-9.0.24/webapps/WebTest_war exploded.war] has finished in [12] ms
04-Sep-2019 16:03:07.415 INFO [Catalina-utility-2] org.apache.catalina.startup.HostConfig.deployDirectory Deploying web application directory [/home/kehan/android-workspace/WebTest/apache-tomcat-9.0.24/webapps/WebTest_war]
04-Sep-2019 16:03:07.425 INFO [Catalina-utility-2] org.apache.catalina.startup.HostConfig.deployDirectory Deployment of web application directory [/home/kehan/android-workspace/WebTest/apache-tomcat-9.0.24/webapps/WebTest_war] has finished in [10] ms
04-Sep-2019 16:04:17.935 INFO [Catalina-utility-1] org.apache.catalina.startup.HostConfig.undeploy Undeploying context [/WebTest_war exploded]
04-Sep-2019 16:04:18.440 INFO [Catalina-utility-1] org.apache.catalina.startup.HostConfig.undeploy Undeploying context [/WebTest_war]
04-Sep-2019 16:04:28.452 INFO [Catalina-utility-1] org.apache.catalina.startup.HostConfig.deployWAR Deploying web application archive [/home/kehan/android-workspace/WebTest/apache-tomcat-9.0.24/webapps/WebTest_war exploded.war]
04-Sep-2019 16:04:28.464 INFO [Catalina-utility-1] org.apache.catalina.startup.HostConfig.deployWAR Deployment of web application archive [/home/kehan/android-workspace/WebTest/apache-tomcat-9.0.24/webapps/WebTest_war exploded.war] has finished in [12] ms
04-Sep-2019 16:04:48.966 INFO [Catalina-utility-1] org.apache.catalina.startup.HostConfig.undeploy Undeploying context [/WebTest_war exploded]
04-Sep-2019 16:04:58.970 INFO [Catalina-utility-2] org.apache.catalina.startup.HostConfig.deployWAR Deploying web application archive [/home/kehan/android-workspace/WebTest/apache-tomcat-9.0.24/webapps/WebTest_war.war]
04-Sep-2019 16:04:58.987 INFO [Catalina-utility-2] org.apache.catalina.startup.HostConfig.deployWAR Deployment of web application archive [/home/kehan/android-workspace/WebTest/apache-tomcat-9.0.24/webapps/WebTest_war.war] has finished in [17] ms
04-Sep-2019 16:20:54.837 INFO [main] org.apache.catalina.core.StandardServer.await A valid shutdown command was received via the shutdown port. Stopping the Server instance.
04-Sep-2019 16:20:54.838 INFO [main] org.apache.coyote.AbstractProtocol.pause Pausing ProtocolHandler ["http-nio-8080"]
04-Sep-2019 16:20:54.844 INFO [main] org.apache.coyote.AbstractProtocol.pause Pausing ProtocolHandler ["ajp-nio-8009"]
04-Sep-2019 16:20:54.850 INFO [main] org.apache.catalina.core.StandardService.stopInternal Stopping service [Catalina]
04-Sep-2019 16:20:54.858 INFO [main] org.apache.coyote.AbstractProtocol.stop Stopping ProtocolHandler ["http-nio-8080"]
04-Sep-2019 16:20:54.859 INFO [main] org.apache.coyote.AbstractProtocol.stop Stopping ProtocolHandler ["ajp-nio-8009"]
04-Sep-2019 16:20:54.860 INFO [main] org.apache.coyote.AbstractProtocol.destroy Destroying ProtocolHandler ["http-nio-8080"]
04-Sep-2019 16:20:54.860 INFO [main] org.apache.coyote.AbstractProtocol.destroy Destroying ProtocolHandler ["ajp-nio-8009"]
04-Sep-2019 17:16:52.128 INFO [main] org.apache.catalina.startup.VersionLoggerListener.log Server version name:   Apache Tomcat/9.0.24
04-Sep-2019 17:16:52.129 INFO [main] org.apache.catalina.startup.VersionLoggerListener.log Server built:          Aug 14 2019 21:16:42 UTC
04-Sep-2019 17:16:52.129 INFO [main] org.apache.catalina.startup.VersionLoggerListener.log Server version number: 9.0.24.0
04-Sep-2019 17:16:52.129 INFO [main] org.apache.catalina.startup.VersionLoggerListener.log OS Name:               Linux
04-Sep-2019 17:16:52.129 INFO [main] org.apache.catalina.startup.VersionLoggerListener.log OS Version:            4.15.0-58-generic
04-Sep-2019 17:16:52.129 INFO [main] org.apache.catalina.startup.VersionLoggerListener.log Architecture:          amd64
04-Sep-2019 17:16:52.129 INFO [main] org.apache.catalina.startup.VersionLoggerListener.log Java Home:             /usr/lib/jvm/java-8-openjdk-amd64/jre
04-Sep-2019 17:16:52.130 INFO [main] org.apache.catalina.startup.VersionLoggerListener.log JVM Version:           1.8.0_222-8u222-b10-1ubuntu1~16.04.1-b10
04-Sep-2019 17:16:52.130 INFO [main] org.apache.catalina.startup.VersionLoggerListener.log JVM Vendor:            Private Build
04-Sep-2019 17:16:52.130 INFO [main] org.apache.catalina.startup.VersionLoggerListener.log CATALINA_BASE:         /home/kehan/android-workspace/PictureMasterServer/apache-tomcat-9.0.24
04-Sep-2019 17:16:52.130 INFO [main] org.apache.catalina.startup.VersionLoggerListener.log CATALINA_HOME:         /home/kehan/android-workspace/PictureMasterServer/apache-tomcat-9.0.24
04-Sep-2019 17:16:52.130 INFO [main] org.apache.catalina.startup.VersionLoggerListener.log Command line argument: -Djava.util.logging.config.file=/home/kehan/android-workspace/PictureMasterServer/apache-tomcat-9.0.24/conf/logging.properties
04-Sep-2019 17:16:52.130 INFO [main] org.apache.catalina.startup.VersionLoggerListener.log Command line argument: -Djava.util.logging.manager=org.apache.juli.ClassLoaderLogManager
04-Sep-2019 17:16:52.130 INFO [main] org.apache.catalina.startup.VersionLoggerListener.log Command line argument: -Djdk.tls.ephemeralDHKeySize=2048
04-Sep-2019 17:16:52.130 INFO [main] org.apache.catalina.startup.VersionLoggerListener.log Command line argument: -Djava.protocol.handler.pkgs=org.apache.catalina.webresources
04-Sep-2019 17:16:52.130 INFO [main] org.apache.catalina.startup.VersionLoggerListener.log Command line argument: -Dorg.apache.catalina.security.SecurityListener.UMASK=0027
04-Sep-2019 17:16:52.130 INFO [main] org.apache.catalina.startup.VersionLoggerListener.log Command line argument: -Dignore.endorsed.dirs=
04-Sep-2019 17:16:52.130 INFO [main] org.apache.catalina.startup.VersionLoggerListener.log Command line argument: -Dcatalina.base=/home/kehan/android-workspace/PictureMasterServer/apache-tomcat-9.0.24
04-Sep-2019 17:16:52.130 INFO [main] org.apache.catalina.startup.VersionLoggerListener.log Command line argument: -Dcatalina.home=/home/kehan/android-workspace/PictureMasterServer/apache-tomcat-9.0.24
04-Sep-2019 17:16:52.131 INFO [main] org.apache.catalina.startup.VersionLoggerListener.log Command line argument: -Djava.io.tmpdir=/home/kehan/android-workspace/PictureMasterServer/apache-tomcat-9.0.24/temp
04-Sep-2019 17:16:52.131 INFO [main] org.apache.catalina.core.AprLifecycleListener.lifecycleEvent The APR based Apache Tomcat Native library which allows optimal performance in production environments was not found on the java.library.path: [/home/kehan/unstable_ws/devel/lib:/home/kehan/focus_ws/devel/lib:/home/kehan/kehan_ws/devel_isolated/realsense_gazebo_plugin/lib:/home/kehan/kehan_ws/devel_isolated/local_planner/lib:/home/kehan/kehan_ws/devel_isolated/global_planner/lib:/home/kehan/kehan_ws/devel_isolated/vwbot_bringup/lib:/home/kehan/kehan_ws/devel_isolated/turtlebot3_teleop/lib:/home/kehan/kehan_ws/devel_isolated/turtlebot3_navigation/lib:/home/kehan/kehan_ws/devel_isolated/turtlebot3_msgs/lib:/home/kehan/kehan_ws/devel_isolated/test_mavros/lib:/home/kehan/kehan_ws/devel_isolated/sanchi_driver/lib:/home/kehan/kehan_ws/devel_isolated/rviz_imu_plugin/lib:/home/kehan/kehan_ws/devel_isolated/rplidar_ros/lib:/home/kehan/kehan_ws/devel_isolated/keyboard_ctrl/lib:/home/kehan/kehan_ws/devel_isolated/libmavconn/lib:/home/kehan/kehan_ws/devel_isolated/imu_filter_madgwick/lib:/home/kehan/kehan_ws/devel_isolated/imu_complementary_filter/lib:/home/kehan/kehan_ws/devel_isolated/cartographer_rviz/lib:/home/kehan/kehan_ws/devel_isolated/cartographer_ros/lib:/home/kehan/kehan_ws/devel_isolated/cartographer_ros_msgs/lib:/home/kehan/Autoware/ros/devel/lib:/opt/ros/kinetic/lib:/opt/ros/kinetic/lib/x86_64-linux-gnu:/home/kehan/kehan_ws/devel_isolated/cartographer/lib:/home/kehan/kehan_ws/devel_isolated/ceres-solver/lib:/usr/local/cuda-10.0/lib64:/usr/java/packages/lib/amd64:/usr/lib/x86_64-linux-gnu/jni:/lib/x86_64-linux-gnu:/usr/lib/x86_64-linux-gnu:/usr/lib/jni:/lib:/usr/lib]
04-Sep-2019 17:16:52.259 INFO [main] org.apache.coyote.AbstractProtocol.init Initializing ProtocolHandler ["http-nio-8080"]
04-Sep-2019 17:16:52.290 INFO [main] org.apache.coyote.AbstractProtocol.init Initializing ProtocolHandler ["ajp-nio-8009"]
04-Sep-2019 17:16:52.291 INFO [main] org.apache.catalina.startup.Catalina.load Server initialization in [260] milliseconds
04-Sep-2019 17:16:52.304 INFO [main] org.apache.catalina.core.StandardService.startInternal Starting service [Catalina]
04-Sep-2019 17:16:52.304 INFO [main] org.apache.catalina.core.StandardEngine.startInternal Starting Servlet engine: [Apache Tomcat/9.0.24]
04-Sep-2019 17:16:52.309 INFO [main] org.apache.catalina.startup.HostConfig.deployDirectory Deploying web application directory [/home/kehan/android-workspace/PictureMasterServer/apache-tomcat-9.0.24/webapps/host-manager]
04-Sep-2019 17:16:52.435 INFO [main] org.apache.catalina.startup.HostConfig.deployDirectory Deployment of web application directory [/home/kehan/android-workspace/PictureMasterServer/apache-tomcat-9.0.24/webapps/host-manager] has finished in [126] ms
04-Sep-2019 17:16:52.435 INFO [main] org.apache.catalina.startup.HostConfig.deployDirectory Deploying web application directory [/home/kehan/android-workspace/PictureMasterServer/apache-tomcat-9.0.24/webapps/examples]
04-Sep-2019 17:16:52.554 INFO [main] org.apache.catalina.startup.HostConfig.deployDirectory Deployment of web application directory [/home/kehan/android-workspace/PictureMasterServer/apache-tomcat-9.0.24/webapps/examples] has finished in [119] ms
04-Sep-2019 17:16:52.554 INFO [main] org.apache.catalina.startup.HostConfig.deployDirectory Deploying web application directory [/home/kehan/android-workspace/PictureMasterServer/apache-tomcat-9.0.24/webapps/docs]
04-Sep-2019 17:16:52.564 INFO [main] org.apache.catalina.startup.HostConfig.deployDirectory Deployment of web application directory [/home/kehan/android-workspace/PictureMasterServer/apache-tomcat-9.0.24/webapps/docs] has finished in [10] ms
04-Sep-2019 17:16:52.564 INFO [main] org.apache.catalina.startup.HostConfig.deployDirectory Deploying web application directory [/home/kehan/android-workspace/PictureMasterServer/apache-tomcat-9.0.24/webapps/PictureMasterServer_war]
04-Sep-2019 17:16:52.583 INFO [main] org.apache.catalina.startup.HostConfig.deployDirectory Deployment of web application directory [/home/kehan/android-workspace/PictureMasterServer/apache-tomcat-9.0.24/webapps/PictureMasterServer_war] has finished in [19] ms
04-Sep-2019 17:16:52.583 INFO [main] org.apache.catalina.startup.HostConfig.deployDirectory Deploying web application directory [/home/kehan/android-workspace/PictureMasterServer/apache-tomcat-9.0.24/webapps/ROOT]
04-Sep-2019 17:16:52.590 INFO [main] org.apache.catalina.startup.HostConfig.deployDirectory Deployment of web application directory [/home/kehan/android-workspace/PictureMasterServer/apache-tomcat-9.0.24/webapps/ROOT] has finished in [7] ms
04-Sep-2019 17:16:52.590 INFO [main] org.apache.catalina.startup.HostConfig.deployDirectory Deploying web application directory [/home/kehan/android-workspace/PictureMasterServer/apache-tomcat-9.0.24/webapps/manager]
04-Sep-2019 17:16:52.601 INFO [main] org.apache.catalina.startup.HostConfig.deployDirectory Deployment of web application directory [/home/kehan/android-workspace/PictureMasterServer/apache-tomcat-9.0.24/webapps/manager] has finished in [11] ms
04-Sep-2019 17:16:52.603 INFO [main] org.apache.coyote.AbstractProtocol.start Starting ProtocolHandler ["http-nio-8080"]
04-Sep-2019 17:16:52.614 INFO [main] org.apache.coyote.AbstractProtocol.start Starting ProtocolHandler ["ajp-nio-8009"]
04-Sep-2019 17:16:52.620 INFO [main] org.apache.catalina.startup.Catalina.start Server startup in [328] milliseconds
04-Sep-2019 17:19:23.124 INFO [Catalina-utility-2] org.apache.catalina.startup.HostConfig.reload Reloading context [/PictureMasterServer_war]
04-Sep-2019 17:19:23.124 INFO [Catalina-utility-2] org.apache.catalina.core.StandardContext.reload Reloading Context with name [/PictureMasterServer_war] has started
04-Sep-2019 17:19:23.149 INFO [Catalina-utility-2] org.apache.catalina.core.StandardContext.reload Reloading Context with name [/PictureMasterServer_war] is completed
04-Sep-2019 17:20:43.159 INFO [Catalina-utility-1] org.apache.catalina.startup.HostConfig.reload Reloading context [/PictureMasterServer_war]
04-Sep-2019 17:20:43.159 INFO [Catalina-utility-1] org.apache.catalina.core.StandardContext.reload Reloading Context with name [/PictureMasterServer_war] has started
04-Sep-2019 17:20:43.178 INFO [Catalina-utility-1] org.apache.catalina.core.StandardContext.reload Reloading Context with name [/PictureMasterServer_war] is completed
04-Sep-2019 17:22:03.188 INFO [Catalina-utility-1] org.apache.catalina.startup.HostConfig.reload Reloading context [/PictureMasterServer_war]
04-Sep-2019 17:22:03.188 INFO [Catalina-utility-1] org.apache.catalina.core.StandardContext.reload Reloading Context with name [/PictureMasterServer_war] has started
04-Sep-2019 17:22:03.207 INFO [Catalina-utility-1] org.apache.catalina.core.StandardContext.reload Reloading Context with name [/PictureMasterServer_war] is completed
/home/kehan/android-workspace/PictureMasterServer/apache-tomcat-9.0.24/webapps/PictureMasterServer_war/WEB-INF/upload
04-Sep-2019 17:23:22.057 INFO [main] org.apache.catalina.core.StandardServer.await A valid shutdown command was received via the shutdown port. Stopping the Server instance.
04-Sep-2019 17:23:22.058 INFO [main] org.apache.coyote.AbstractProtocol.pause Pausing ProtocolHandler ["http-nio-8080"]
04-Sep-2019 17:23:22.065 INFO [main] org.apache.coyote.AbstractProtocol.pause Pausing ProtocolHandler ["ajp-nio-8009"]
04-Sep-2019 17:23:22.070 INFO [main] org.apache.catalina.core.StandardService.stopInternal Stopping service [Catalina]
04-Sep-2019 17:23:22.090 INFO [main] org.apache.coyote.AbstractProtocol.stop Stopping ProtocolHandler ["http-nio-8080"]
04-Sep-2019 17:23:22.092 INFO [main] org.apache.coyote.AbstractProtocol.stop Stopping ProtocolHandler ["ajp-nio-8009"]
04-Sep-2019 17:23:22.093 INFO [main] org.apache.coyote.AbstractProtocol.destroy Destroying ProtocolHandler ["http-nio-8080"]
04-Sep-2019 17:23:22.093 INFO [main] org.apache.coyote.AbstractProtocol.destroy Destroying ProtocolHandler ["ajp-nio-8009"]
04-Sep-2019 18:30:36.938 INFO [main] org.apache.catalina.startup.VersionLoggerListener.log Server version name:   Apache Tomcat/9.0.24
04-Sep-2019 18:30:36.939 INFO [main] org.apache.catalina.startup.VersionLoggerListener.log Server built:          Aug 14 2019 21:16:42 UTC
04-Sep-2019 18:30:36.939 INFO [main] org.apache.catalina.startup.VersionLoggerListener.log Server version number: 9.0.24.0
04-Sep-2019 18:30:36.939 INFO [main] org.apache.catalina.startup.VersionLoggerListener.log OS Name:               Linux
04-Sep-2019 18:30:36.939 INFO [main] org.apache.catalina.startup.VersionLoggerListener.log OS Version:            4.15.0-58-generic
04-Sep-2019 18:30:36.939 INFO [main] org.apache.catalina.startup.VersionLoggerListener.log Architecture:          amd64
04-Sep-2019 18:30:36.939 INFO [main] org.apache.catalina.startup.VersionLoggerListener.log Java Home:             /usr/lib/jvm/java-8-openjdk-amd64/jre
04-Sep-2019 18:30:36.939 INFO [main] org.apache.catalina.startup.VersionLoggerListener.log JVM Version:           1.8.0_222-8u222-b10-1ubuntu1~16.04.1-b10
04-Sep-2019 18:30:36.939 INFO [main] org.apache.catalina.startup.VersionLoggerListener.log JVM Vendor:            Private Build
04-Sep-2019 18:30:36.939 INFO [main] org.apache.catalina.startup.VersionLoggerListener.log CATALINA_BASE:         /home/kehan/android-workspace/PictureMasterServer/apache-tomcat-9.0.24
04-Sep-2019 18:30:36.939 INFO [main] org.apache.catalina.startup.VersionLoggerListener.log CATALINA_HOME:         /home/kehan/android-workspace/PictureMasterServer/apache-tomcat-9.0.24
04-Sep-2019 18:30:36.940 INFO [main] org.apache.catalina.startup.VersionLoggerListener.log Command line argument: -Djava.util.logging.config.file=/home/kehan/android-workspace/PictureMasterServer/apache-tomcat-9.0.24/conf/logging.properties
04-Sep-2019 18:30:36.940 INFO [main] org.apache.catalina.startup.VersionLoggerListener.log Command line argument: -Djava.util.logging.manager=org.apache.juli.ClassLoaderLogManager
04-Sep-2019 18:30:36.940 INFO [main] org.apache.catalina.startup.VersionLoggerListener.log Command line argument: -Djdk.tls.ephemeralDHKeySize=2048
04-Sep-2019 18:30:36.940 INFO [main] org.apache.catalina.startup.VersionLoggerListener.log Command line argument: -Djava.protocol.handler.pkgs=org.apache.catalina.webresources
04-Sep-2019 18:30:36.940 INFO [main] org.apache.catalina.startup.VersionLoggerListener.log Command line argument: -Dorg.apache.catalina.security.SecurityListener.UMASK=0027
04-Sep-2019 18:30:36.940 INFO [main] org.apache.catalina.startup.VersionLoggerListener.log Command line argument: -Dignore.endorsed.dirs=
04-Sep-2019 18:30:36.940 INFO [main] org.apache.catalina.startup.VersionLoggerListener.log Command line argument: -Dcatalina.base=/home/kehan/android-workspace/PictureMasterServer/apache-tomcat-9.0.24
04-Sep-2019 18:30:36.940 INFO [main] org.apache.catalina.startup.VersionLoggerListener.log Command line argument: -Dcatalina.home=/home/kehan/android-workspace/PictureMasterServer/apache-tomcat-9.0.24
04-Sep-2019 18:30:36.940 INFO [main] org.apache.catalina.startup.VersionLoggerListener.log Command line argument: -Djava.io.tmpdir=/home/kehan/android-workspace/PictureMasterServer/apache-tomcat-9.0.24/temp
04-Sep-2019 18:30:36.940 INFO [main] org.apache.catalina.core.AprLifecycleListener.lifecycleEvent The APR based Apache Tomcat Native library which allows optimal performance in production environments was not found on the java.library.path: [/home/kehan/unstable_ws/devel/lib:/home/kehan/focus_ws/devel/lib:/home/kehan/kehan_ws/devel_isolated/realsense_gazebo_plugin/lib:/home/kehan/kehan_ws/devel_isolated/local_planner/lib:/home/kehan/kehan_ws/devel_isolated/global_planner/lib:/home/kehan/kehan_ws/devel_isolated/vwbot_bringup/lib:/home/kehan/kehan_ws/devel_isolated/turtlebot3_teleop/lib:/home/kehan/kehan_ws/devel_isolated/turtlebot3_navigation/lib:/home/kehan/kehan_ws/devel_isolated/turtlebot3_msgs/lib:/home/kehan/kehan_ws/devel_isolated/test_mavros/lib:/home/kehan/kehan_ws/devel_isolated/sanchi_driver/lib:/home/kehan/kehan_ws/devel_isolated/rviz_imu_plugin/lib:/home/kehan/kehan_ws/devel_isolated/rplidar_ros/lib:/home/kehan/kehan_ws/devel_isolated/keyboard_ctrl/lib:/home/kehan/kehan_ws/devel_isolated/libmavconn/lib:/home/kehan/kehan_ws/devel_isolated/imu_filter_madgwick/lib:/home/kehan/kehan_ws/devel_isolated/imu_complementary_filter/lib:/home/kehan/kehan_ws/devel_isolated/cartographer_rviz/lib:/home/kehan/kehan_ws/devel_isolated/cartographer_ros/lib:/home/kehan/kehan_ws/devel_isolated/cartographer_ros_msgs/lib:/home/kehan/Autoware/ros/devel/lib:/opt/ros/kinetic/lib:/opt/ros/kinetic/lib/x86_64-linux-gnu:/home/kehan/kehan_ws/devel_isolated/cartographer/lib:/home/kehan/kehan_ws/devel_isolated/ceres-solver/lib:/usr/local/cuda-10.0/lib64:/usr/java/packages/lib/amd64:/usr/lib/x86_64-linux-gnu/jni:/lib/x86_64-linux-gnu:/usr/lib/x86_64-linux-gnu:/usr/lib/jni:/lib:/usr/lib]
04-Sep-2019 18:30:37.079 INFO [main] org.apache.coyote.AbstractProtocol.init Initializing ProtocolHandler ["http-nio-8080"]
04-Sep-2019 18:30:37.118 INFO [main] org.apache.coyote.AbstractProtocol.init Initializing ProtocolHandler ["ajp-nio-8009"]
04-Sep-2019 18:30:37.119 INFO [main] org.apache.catalina.startup.Catalina.load Server initialization in [273] milliseconds
04-Sep-2019 18:30:37.132 INFO [main] org.apache.catalina.core.StandardService.startInternal Starting service [Catalina]
04-Sep-2019 18:30:37.132 INFO [main] org.apache.catalina.core.StandardEngine.startInternal Starting Servlet engine: [Apache Tomcat/9.0.24]
04-Sep-2019 18:30:37.136 INFO [main] org.apache.catalina.startup.HostConfig.deployDirectory Deploying web application directory [/home/kehan/android-workspace/PictureMasterServer/apache-tomcat-9.0.24/webapps/host-manager]
04-Sep-2019 18:30:37.257 INFO [main] org.apache.catalina.startup.HostConfig.deployDirectory Deployment of web application directory [/home/kehan/android-workspace/PictureMasterServer/apache-tomcat-9.0.24/webapps/host-manager] has finished in [121] ms
04-Sep-2019 18:30:37.257 INFO [main] org.apache.catalina.startup.HostConfig.deployDirectory Deploying web application directory [/home/kehan/android-workspace/PictureMasterServer/apache-tomcat-9.0.24/webapps/examples]
04-Sep-2019 18:30:37.369 INFO [main] org.apache.catalina.startup.HostConfig.deployDirectory Deployment of web application directory [/home/kehan/android-workspace/PictureMasterServer/apache-tomcat-9.0.24/webapps/examples] has finished in [112] ms
04-Sep-2019 18:30:37.369 INFO [main] org.apache.catalina.startup.HostConfig.deployDirectory Deploying web application directory [/home/kehan/android-workspace/PictureMasterServer/apache-tomcat-9.0.24/webapps/docs]
04-Sep-2019 18:30:37.377 INFO [main] org.apache.catalina.startup.HostConfig.deployDirectory Deployment of web application directory [/home/kehan/android-workspace/PictureMasterServer/apache-tomcat-9.0.24/webapps/docs] has finished in [8] ms
04-Sep-2019 18:30:37.377 INFO [main] org.apache.catalina.startup.HostConfig.deployDirectory Deploying web application directory [/home/kehan/android-workspace/PictureMasterServer/apache-tomcat-9.0.24/webapps/PictureMasterServer_war]
04-Sep-2019 18:30:37.398 INFO [main] org.apache.catalina.startup.HostConfig.deployDirectory Deployment of web application directory [/home/kehan/android-workspace/PictureMasterServer/apache-tomcat-9.0.24/webapps/PictureMasterServer_war] has finished in [21] ms
04-Sep-2019 18:30:37.398 INFO [main] org.apache.catalina.startup.HostConfig.deployDirectory Deploying web application directory [/home/kehan/android-workspace/PictureMasterServer/apache-tomcat-9.0.24/webapps/ROOT]
04-Sep-2019 18:30:37.405 INFO [main] org.apache.catalina.startup.HostConfig.deployDirectory Deployment of web application directory [/home/kehan/android-workspace/PictureMasterServer/apache-tomcat-9.0.24/webapps/ROOT] has finished in [7] ms
04-Sep-2019 18:30:37.406 INFO [main] org.apache.catalina.startup.HostConfig.deployDirectory Deploying web application directory [/home/kehan/android-workspace/PictureMasterServer/apache-tomcat-9.0.24/webapps/manager]
04-Sep-2019 18:30:37.415 INFO [main] org.apache.catalina.startup.HostConfig.deployDirectory Deployment of web application directory [/home/kehan/android-workspace/PictureMasterServer/apache-tomcat-9.0.24/webapps/manager] has finished in [9] ms
04-Sep-2019 18:30:37.417 INFO [main] org.apache.coyote.AbstractProtocol.start Starting ProtocolHandler ["http-nio-8080"]
04-Sep-2019 18:30:37.421 INFO [main] org.apache.coyote.AbstractProtocol.start Starting ProtocolHandler ["ajp-nio-8009"]
04-Sep-2019 18:30:37.430 INFO [main] org.apache.catalina.startup.Catalina.start Server startup in [310] milliseconds
Runtime.getRuntime().exec() return code: 127
Runtime.getRuntime().exec() return code: 127
Runtime.getRuntime().exec() return code: 127
Runtime.getRuntime().exec() return code: 127
04-Sep-2019 19:31:27.669 INFO [Catalina-utility-2] org.apache.catalina.startup.HostConfig.reload Reloading context [/PictureMasterServer_war]
04-Sep-2019 19:31:27.670 INFO [Catalina-utility-2] org.apache.catalina.core.StandardContext.reload Reloading Context with name [/PictureMasterServer_war] has started
04-Sep-2019 19:31:27.692 INFO [Catalina-utility-2] org.apache.catalina.core.StandardContext.reload Reloading Context with name [/PictureMasterServer_war] is completed
Runtime.getRuntime().exec() return code: 127
04-Sep-2019 19:34:04.429 WARNING [main] org.apache.catalina.core.StandardServer.await Invalid shutdown command [] received
04-Sep-2019 19:34:16.015 INFO [main] org.apache.catalina.core.StandardServer.await A valid shutdown command was received via the shutdown port. Stopping the Server instance.
04-Sep-2019 19:34:16.015 INFO [main] org.apache.coyote.AbstractProtocol.pause Pausing ProtocolHandler ["http-nio-8080"]
04-Sep-2019 19:34:16.022 INFO [main] org.apache.coyote.AbstractProtocol.pause Pausing ProtocolHandler ["ajp-nio-8009"]
04-Sep-2019 19:34:16.028 INFO [main] org.apache.catalina.core.StandardService.stopInternal Stopping service [Catalina]
04-Sep-2019 19:34:16.038 INFO [main] org.apache.coyote.AbstractProtocol.stop Stopping ProtocolHandler ["http-nio-8080"]
04-Sep-2019 19:34:16.039 INFO [main] org.apache.coyote.AbstractProtocol.stop Stopping ProtocolHandler ["ajp-nio-8009"]
04-Sep-2019 19:34:16.039 INFO [main] org.apache.coyote.AbstractProtocol.destroy Destroying ProtocolHandler ["http-nio-8080"]
04-Sep-2019 19:34:16.040 INFO [main] org.apache.coyote.AbstractProtocol.destroy Destroying ProtocolHandler ["ajp-nio-8009"]
05-Sep-2019 10:55:52.641 INFO [main] org.apache.catalina.startup.VersionLoggerListener.log Server version name:   Apache Tomcat/9.0.24
05-Sep-2019 10:55:52.641 INFO [main] org.apache.catalina.startup.VersionLoggerListener.log Server built:          Aug 14 2019 21:16:42 UTC
05-Sep-2019 10:55:52.641 INFO [main] org.apache.catalina.startup.VersionLoggerListener.log Server version number: 9.0.24.0
05-Sep-2019 10:55:52.642 INFO [main] org.apache.catalina.startup.VersionLoggerListener.log OS Name:               Linux
05-Sep-2019 10:55:52.642 INFO [main] org.apache.catalina.startup.VersionLoggerListener.log OS Version:            4.15.0-60-generic
05-Sep-2019 10:55:52.642 INFO [main] org.apache.catalina.startup.VersionLoggerListener.log Architecture:          amd64
05-Sep-2019 10:55:52.642 INFO [main] org.apache.catalina.startup.VersionLoggerListener.log Java Home:             /usr/lib/jvm/java-8-openjdk-amd64/jre
05-Sep-2019 10:55:52.642 INFO [main] org.apache.catalina.startup.VersionLoggerListener.log JVM Version:           1.8.0_222-8u222-b10-1ubuntu1~16.04.1-b10
05-Sep-2019 10:55:52.642 INFO [main] org.apache.catalina.startup.VersionLoggerListener.log JVM Vendor:            Private Build
05-Sep-2019 10:55:52.642 INFO [main] org.apache.catalina.startup.VersionLoggerListener.log CATALINA_BASE:         /home/kehan/android-workspace/PictureMasterServer/apache-tomcat-9.0.24
05-Sep-2019 10:55:52.642 INFO [main] org.apache.catalina.startup.VersionLoggerListener.log CATALINA_HOME:         /home/kehan/android-workspace/PictureMasterServer/apache-tomcat-9.0.24
05-Sep-2019 10:55:52.646 INFO [main] org.apache.catalina.startup.VersionLoggerListener.log Command line argument: -Djava.util.logging.config.file=/home/kehan/android-workspace/PictureMasterServer/apache-tomcat-9.0.24/conf/logging.properties
05-Sep-2019 10:55:52.646 INFO [main] org.apache.catalina.startup.VersionLoggerListener.log Command line argument: -Djava.util.logging.manager=org.apache.juli.ClassLoaderLogManager
05-Sep-2019 10:55:52.646 INFO [main] org.apache.catalina.startup.VersionLoggerListener.log Command line argument: -Djdk.tls.ephemeralDHKeySize=2048
05-Sep-2019 10:55:52.646 INFO [main] org.apache.catalina.startup.VersionLoggerListener.log Command line argument: -Djava.protocol.handler.pkgs=org.apache.catalina.webresources
05-Sep-2019 10:55:52.646 INFO [main] org.apache.catalina.startup.VersionLoggerListener.log Command line argument: -Dorg.apache.catalina.security.SecurityListener.UMASK=0027
05-Sep-2019 10:55:52.646 INFO [main] org.apache.catalina.startup.VersionLoggerListener.log Command line argument: -Dignore.endorsed.dirs=
05-Sep-2019 10:55:52.646 INFO [main] org.apache.catalina.startup.VersionLoggerListener.log Command line argument: -Dcatalina.base=/home/kehan/android-workspace/PictureMasterServer/apache-tomcat-9.0.24
05-Sep-2019 10:55:52.646 INFO [main] org.apache.catalina.startup.VersionLoggerListener.log Command line argument: -Dcatalina.home=/home/kehan/android-workspace/PictureMasterServer/apache-tomcat-9.0.24
05-Sep-2019 10:55:52.646 INFO [main] org.apache.catalina.startup.VersionLoggerListener.log Command line argument: -Djava.io.tmpdir=/home/kehan/android-workspace/PictureMasterServer/apache-tomcat-9.0.24/temp
05-Sep-2019 10:55:52.646 INFO [main] org.apache.catalina.core.AprLifecycleListener.lifecycleEvent The APR based Apache Tomcat Native library which allows optimal performance in production environments was not found on the java.library.path: [/home/kehan/unstable_ws/devel/lib:/home/kehan/focus_ws/devel/lib:/home/kehan/kehan_ws/devel_isolated/realsense_gazebo_plugin/lib:/home/kehan/kehan_ws/devel_isolated/local_planner/lib:/home/kehan/kehan_ws/devel_isolated/global_planner/lib:/home/kehan/kehan_ws/devel_isolated/vwbot_bringup/lib:/home/kehan/kehan_ws/devel_isolated/turtlebot3_teleop/lib:/home/kehan/kehan_ws/devel_isolated/turtlebot3_navigation/lib:/home/kehan/kehan_ws/devel_isolated/turtlebot3_msgs/lib:/home/kehan/kehan_ws/devel_isolated/test_mavros/lib:/home/kehan/kehan_ws/devel_isolated/sanchi_driver/lib:/home/kehan/kehan_ws/devel_isolated/rviz_imu_plugin/lib:/home/kehan/kehan_ws/devel_isolated/rplidar_ros/lib:/home/kehan/kehan_ws/devel_isolated/keyboard_ctrl/lib:/home/kehan/kehan_ws/devel_isolated/libmavconn/lib:/home/kehan/kehan_ws/devel_isolated/imu_filter_madgwick/lib:/home/kehan/kehan_ws/devel_isolated/imu_complementary_filter/lib:/home/kehan/kehan_ws/devel_isolated/cartographer_rviz/lib:/home/kehan/kehan_ws/devel_isolated/cartographer_ros/lib:/home/kehan/kehan_ws/devel_isolated/cartographer_ros_msgs/lib:/home/kehan/Autoware/ros/devel/lib:/opt/ros/kinetic/lib:/opt/ros/kinetic/lib/x86_64-linux-gnu:/home/kehan/kehan_ws/devel_isolated/cartographer/lib:/home/kehan/kehan_ws/devel_isolated/ceres-solver/lib:/usr/local/cuda-10.0/lib64:/usr/java/packages/lib/amd64:/usr/lib/x86_64-linux-gnu/jni:/lib/x86_64-linux-gnu:/usr/lib/x86_64-linux-gnu:/usr/lib/jni:/lib:/usr/lib]
05-Sep-2019 10:55:52.789 INFO [main] org.apache.coyote.AbstractProtocol.init Initializing ProtocolHandler ["http-nio-8080"]
05-Sep-2019 10:55:52.835 INFO [main] org.apache.coyote.AbstractProtocol.init Initializing ProtocolHandler ["ajp-nio-8009"]
05-Sep-2019 10:55:52.836 INFO [main] org.apache.catalina.startup.Catalina.load Server initialization in [304] milliseconds
05-Sep-2019 10:55:52.850 INFO [main] org.apache.catalina.core.StandardService.startInternal Starting service [Catalina]
05-Sep-2019 10:55:52.850 INFO [main] org.apache.catalina.core.StandardEngine.startInternal Starting Servlet engine: [Apache Tomcat/9.0.24]
05-Sep-2019 10:55:52.855 INFO [main] org.apache.catalina.startup.HostConfig.deployDirectory Deploying web application directory [/home/kehan/android-workspace/PictureMasterServer/apache-tomcat-9.0.24/webapps/host-manager]
05-Sep-2019 10:55:52.979 INFO [main] org.apache.catalina.startup.HostConfig.deployDirectory Deployment of web application directory [/home/kehan/android-workspace/PictureMasterServer/apache-tomcat-9.0.24/webapps/host-manager] has finished in [124] ms
05-Sep-2019 10:55:52.979 INFO [main] org.apache.catalina.startup.HostConfig.deployDirectory Deploying web application directory [/home/kehan/android-workspace/PictureMasterServer/apache-tomcat-9.0.24/webapps/examples]
05-Sep-2019 10:55:53.089 INFO [main] org.apache.catalina.core.ApplicationContext.log ContextListener: contextInitialized()
05-Sep-2019 10:55:53.089 INFO [main] org.apache.catalina.core.ApplicationContext.log SessionListener: contextInitialized()
05-Sep-2019 10:55:53.090 INFO [main] org.apache.catalina.core.ApplicationContext.log ContextListener: attributeAdded('StockTicker', 'async.Stockticker@1c1bbc4e')
05-Sep-2019 10:55:53.092 INFO [main] org.apache.catalina.startup.HostConfig.deployDirectory Deployment of web application directory [/home/kehan/android-workspace/PictureMasterServer/apache-tomcat-9.0.24/webapps/examples] has finished in [113] ms
05-Sep-2019 10:55:53.092 INFO [main] org.apache.catalina.startup.HostConfig.deployDirectory Deploying web application directory [/home/kehan/android-workspace/PictureMasterServer/apache-tomcat-9.0.24/webapps/docs]
05-Sep-2019 10:55:53.099 INFO [main] org.apache.catalina.startup.HostConfig.deployDirectory Deployment of web application directory [/home/kehan/android-workspace/PictureMasterServer/apache-tomcat-9.0.24/webapps/docs] has finished in [7] ms
05-Sep-2019 10:55:53.100 INFO [main] org.apache.catalina.startup.HostConfig.deployDirectory Deploying web application directory [/home/kehan/android-workspace/PictureMasterServer/apache-tomcat-9.0.24/webapps/PictureMasterServer_war]
05-Sep-2019 10:55:53.117 INFO [main] org.apache.jasper.servlet.TldScanner.scanJars At least one JAR was scanned for TLDs yet contained no TLDs. Enable debug logging for this logger for a complete list of JARs that were scanned but no TLDs were found in them. Skipping unneeded JARs during scanning can improve startup time and JSP compilation time.
05-Sep-2019 10:55:53.120 INFO [main] org.apache.catalina.startup.HostConfig.deployDirectory Deployment of web application directory [/home/kehan/android-workspace/PictureMasterServer/apache-tomcat-9.0.24/webapps/PictureMasterServer_war] has finished in [21] ms
05-Sep-2019 10:55:53.120 INFO [main] org.apache.catalina.startup.HostConfig.deployDirectory Deploying web application directory [/home/kehan/android-workspace/PictureMasterServer/apache-tomcat-9.0.24/webapps/ROOT]
05-Sep-2019 10:55:53.127 INFO [main] org.apache.catalina.startup.HostConfig.deployDirectory Deployment of web application directory [/home/kehan/android-workspace/PictureMasterServer/apache-tomcat-9.0.24/webapps/ROOT] has finished in [7] ms
05-Sep-2019 10:55:53.127 INFO [main] org.apache.catalina.startup.HostConfig.deployDirectory Deploying web application directory [/home/kehan/android-workspace/PictureMasterServer/apache-tomcat-9.0.24/webapps/manager]
05-Sep-2019 10:55:53.137 INFO [main] org.apache.catalina.startup.HostConfig.deployDirectory Deployment of web application directory [/home/kehan/android-workspace/PictureMasterServer/apache-tomcat-9.0.24/webapps/manager] has finished in [9] ms
05-Sep-2019 10:55:53.138 SEVERE [main] org.apache.catalina.mapper.MapperListener.findDefaultHost Unknown default host [localhost] for service [StandardService[Catalina]]. Tomcat will not be able process HTTP/1.0 requests that do not specify a host name.
05-Sep-2019 10:55:53.139 SEVERE [main] org.apache.catalina.mapper.MapperListener.findDefaultHost Unknown default host [localhost] for service [StandardService[Catalina]]. Tomcat will not be able process HTTP/1.0 requests that do not specify a host name.
05-Sep-2019 10:55:53.139 INFO [main] org.apache.coyote.AbstractProtocol.start Starting ProtocolHandler ["http-nio-8080"]
05-Sep-2019 10:55:53.146 INFO [main] org.apache.coyote.AbstractProtocol.start Starting ProtocolHandler ["ajp-nio-8009"]
05-Sep-2019 10:55:53.152 INFO [main] org.apache.catalina.startup.Catalina.start Server startup in [315] milliseconds
type param: CartoonGAN_Hayao
Runtime.getRuntime().exec() return code: 1
java.io.FileNotFoundException: /home/kehan/android-workspace/PictureMasterServer/apache-tomcat-9.0.24/webapps/PictureMasterServer_war/input_imgs/403a2af790529822e23376a3dbca7bcb0a46d463.jpg (No such file or directory)
	at java.io.FileOutputStream.open0(Native Method)
	at java.io.FileOutputStream.open(FileOutputStream.java:270)
	at java.io.FileOutputStream.<init>(FileOutputStream.java:213)
	at java.io.FileOutputStream.<init>(FileOutputStream.java:162)
	at org.apache.commons.fileupload.disk.DiskFileItem.write(DiskFileItem.java:389)
	at com.picturemaster.AiPictureConvertor.runCartoonGANHayao(AiPictureConvertor.java:92)
	at com.picturemaster.PictureMasterServlet.doPost(PictureMasterServlet.java:85)
	at javax.servlet.http.HttpServlet.service(HttpServlet.java:660)
	at javax.servlet.http.HttpServlet.service(HttpServlet.java:741)
	at org.apache.catalina.core.ApplicationFilterChain.internalDoFilter(ApplicationFilterChain.java:231)
	at org.apache.catalina.core.ApplicationFilterChain.doFilter(ApplicationFilterChain.java:166)
	at org.apache.tomcat.websocket.server.WsFilter.doFilter(WsFilter.java:53)
	at org.apache.catalina.core.ApplicationFilterChain.internalDoFilter(ApplicationFilterChain.java:193)
	at org.apache.catalina.core.ApplicationFilterChain.doFilter(ApplicationFilterChain.java:166)
	at org.apache.catalina.core.StandardWrapperValve.invoke(StandardWrapperValve.java:202)
	at org.apache.catalina.core.StandardContextValve.invoke(StandardContextValve.java:96)
	at org.apache.catalina.authenticator.AuthenticatorBase.invoke(AuthenticatorBase.java:526)
	at org.apache.catalina.core.StandardHostValve.invoke(StandardHostValve.java:139)
	at org.apache.catalina.valves.ErrorReportValve.invoke(ErrorReportValve.java:92)
	at org.apache.catalina.valves.AbstractAccessLogValve.invoke(AbstractAccessLogValve.java:678)
	at org.apache.catalina.core.StandardEngineValve.invoke(StandardEngineValve.java:74)
	at org.apache.catalina.connector.CoyoteAdapter.service(CoyoteAdapter.java:343)
	at org.apache.coyote.http11.Http11Processor.service(Http11Processor.java:408)
	at org.apache.coyote.AbstractProcessorLight.process(AbstractProcessorLight.java:66)
	at org.apache.coyote.AbstractProtocol$ConnectionHandler.process(AbstractProtocol.java:860)
	at org.apache.tomcat.util.net.NioEndpoint$SocketProcessor.doRun(NioEndpoint.java:1587)
	at org.apache.tomcat.util.net.SocketProcessorBase.run(SocketProcessorBase.java:49)
	at java.util.concurrent.ThreadPoolExecutor.runWorker(ThreadPoolExecutor.java:1149)
	at java.util.concurrent.ThreadPoolExecutor$Worker.run(ThreadPoolExecutor.java:624)
	at org.apache.tomcat.util.threads.TaskThread$WrappingRunnable.run(TaskThread.java:61)
	at java.lang.Thread.run(Thread.java:748)
type param: CartoonGAN_Hayao
Runtime.getRuntime().exec() return code: 1
java.io.FileNotFoundException: /home/kehan/android-workspace/PictureMasterServer/apache-tomcat-9.0.24/webapps/PictureMasterServer_war/input_imgs/403a2af790529822e23376a3dbca7bcb0a46d463.jpg (No such file or directory)
	at java.io.FileOutputStream.open0(Native Method)
	at java.io.FileOutputStream.open(FileOutputStream.java:270)
	at java.io.FileOutputStream.<init>(FileOutputStream.java:213)
	at java.io.FileOutputStream.<init>(FileOutputStream.java:162)
	at org.apache.commons.fileupload.disk.DiskFileItem.write(DiskFileItem.java:389)
	at com.picturemaster.AiPictureConvertor.runCartoonGANHayao(AiPictureConvertor.java:92)
	at com.picturemaster.PictureMasterServlet.doPost(PictureMasterServlet.java:85)
	at javax.servlet.http.HttpServlet.service(HttpServlet.java:660)
	at javax.servlet.http.HttpServlet.service(HttpServlet.java:741)
	at org.apache.catalina.core.ApplicationFilterChain.internalDoFilter(ApplicationFilterChain.java:231)
	at org.apache.catalina.core.ApplicationFilterChain.doFilter(ApplicationFilterChain.java:166)
	at org.apache.tomcat.websocket.server.WsFilter.doFilter(WsFilter.java:53)
	at org.apache.catalina.core.ApplicationFilterChain.internalDoFilter(ApplicationFilterChain.java:193)
	at org.apache.catalina.core.ApplicationFilterChain.doFilter(ApplicationFilterChain.java:166)
	at org.apache.catalina.core.StandardWrapperValve.invoke(StandardWrapperValve.java:202)
	at org.apache.catalina.core.StandardContextValve.invoke(StandardContextValve.java:96)
	at org.apache.catalina.authenticator.AuthenticatorBase.invoke(AuthenticatorBase.java:526)
	at org.apache.catalina.core.StandardHostValve.invoke(StandardHostValve.java:139)
	at org.apache.catalina.valves.ErrorReportValve.invoke(ErrorReportValve.java:92)
	at org.apache.catalina.valves.AbstractAccessLogValve.invoke(AbstractAccessLogValve.java:678)
	at org.apache.catalina.core.StandardEngineValve.invoke(StandardEngineValve.java:74)
	at org.apache.catalina.connector.CoyoteAdapter.service(CoyoteAdapter.java:343)
	at org.apache.coyote.http11.Http11Processor.service(Http11Processor.java:408)
	at org.apache.coyote.AbstractProcessorLight.process(AbstractProcessorLight.java:66)
	at org.apache.coyote.AbstractProtocol$ConnectionHandler.process(AbstractProtocol.java:860)
	at org.apache.tomcat.util.net.NioEndpoint$SocketProcessor.doRun(NioEndpoint.java:1587)
	at org.apache.tomcat.util.net.SocketProcessorBase.run(SocketProcessorBase.java:49)
	at java.util.concurrent.ThreadPoolExecutor.runWorker(ThreadPoolExecutor.java:1149)
	at java.util.concurrent.ThreadPoolExecutor$Worker.run(ThreadPoolExecutor.java:624)
	at org.apache.tomcat.util.threads.TaskThread$WrappingRunnable.run(TaskThread.java:61)
	at java.lang.Thread.run(Thread.java:748)
type param: CartoonGAN_Hayao
Runtime.getRuntime().exec() return code: 1
Runtime.getRuntime().exec() return code: 1
type param: CartoonGAN_Hayao
Runtime.getRuntime().exec() return code: 1
java.io.FileNotFoundException: /home/kehan/android-workspace/PictureMasterServer/apache-tomcat-9.0.24/webapps/PictureMasterServer_war/input_imgs/baboon.png (Not a directory)
	at java.io.FileOutputStream.open0(Native Method)
	at java.io.FileOutputStream.open(FileOutputStream.java:270)
	at java.io.FileOutputStream.<init>(FileOutputStream.java:213)
	at java.io.FileOutputStream.<init>(FileOutputStream.java:162)
	at org.apache.commons.fileupload.disk.DiskFileItem.write(DiskFileItem.java:389)
	at com.picturemaster.AiPictureConvertor.runCartoonGANHayao(AiPictureConvertor.java:92)
	at com.picturemaster.PictureMasterServlet.doPost(PictureMasterServlet.java:85)
	at javax.servlet.http.HttpServlet.service(HttpServlet.java:660)
	at javax.servlet.http.HttpServlet.service(HttpServlet.java:741)
	at org.apache.catalina.core.ApplicationFilterChain.internalDoFilter(ApplicationFilterChain.java:231)
	at org.apache.catalina.core.ApplicationFilterChain.doFilter(ApplicationFilterChain.java:166)
	at org.apache.tomcat.websocket.server.WsFilter.doFilter(WsFilter.java:53)
	at org.apache.catalina.core.ApplicationFilterChain.internalDoFilter(ApplicationFilterChain.java:193)
	at org.apache.catalina.core.ApplicationFilterChain.doFilter(ApplicationFilterChain.java:166)
	at org.apache.catalina.core.StandardWrapperValve.invoke(StandardWrapperValve.java:202)
	at org.apache.catalina.core.StandardContextValve.invoke(StandardContextValve.java:96)
	at org.apache.catalina.authenticator.AuthenticatorBase.invoke(AuthenticatorBase.java:526)
	at org.apache.catalina.core.StandardHostValve.invoke(StandardHostValve.java:139)
	at org.apache.catalina.valves.ErrorReportValve.invoke(ErrorReportValve.java:92)
	at org.apache.catalina.valves.AbstractAccessLogValve.invoke(AbstractAccessLogValve.java:678)
	at org.apache.catalina.core.StandardEngineValve.invoke(StandardEngineValve.java:74)
	at org.apache.catalina.connector.CoyoteAdapter.service(CoyoteAdapter.java:343)
	at org.apache.coyote.http11.Http11Processor.service(Http11Processor.java:408)
	at org.apache.coyote.AbstractProcessorLight.process(AbstractProcessorLight.java:66)
	at org.apache.coyote.AbstractProtocol$ConnectionHandler.process(AbstractProtocol.java:860)
	at org.apache.tomcat.util.net.NioEndpoint$SocketProcessor.doRun(NioEndpoint.java:1587)
	at org.apache.tomcat.util.net.SocketProcessorBase.run(SocketProcessorBase.java:49)
	at java.util.concurrent.ThreadPoolExecutor.runWorker(ThreadPoolExecutor.java:1149)
	at java.util.concurrent.ThreadPoolExecutor$Worker.run(ThreadPoolExecutor.java:624)
	at org.apache.tomcat.util.threads.TaskThread$WrappingRunnable.run(TaskThread.java:61)
	at java.lang.Thread.run(Thread.java:748)
type param: CartoonGAN_Hayao
Runtime.getRuntime().exec() return code: 1
java.io.FileNotFoundException: /home/kehan/android-workspace/PictureMasterServer/apache-tomcat-9.0.24/webapps/PictureMasterServer_war/input_imgs/baboon.png (Not a directory)
	at java.io.FileOutputStream.open0(Native Method)
	at java.io.FileOutputStream.open(FileOutputStream.java:270)
	at java.io.FileOutputStream.<init>(FileOutputStream.java:213)
	at java.io.FileOutputStream.<init>(FileOutputStream.java:162)
	at org.apache.commons.fileupload.disk.DiskFileItem.write(DiskFileItem.java:389)
	at com.picturemaster.AiPictureConvertor.runCartoonGANHayao(AiPictureConvertor.java:92)
	at com.picturemaster.PictureMasterServlet.doPost(PictureMasterServlet.java:85)
	at javax.servlet.http.HttpServlet.service(HttpServlet.java:660)
	at javax.servlet.http.HttpServlet.service(HttpServlet.java:741)
	at org.apache.catalina.core.ApplicationFilterChain.internalDoFilter(ApplicationFilterChain.java:231)
	at org.apache.catalina.core.ApplicationFilterChain.doFilter(ApplicationFilterChain.java:166)
	at org.apache.tomcat.websocket.server.WsFilter.doFilter(WsFilter.java:53)
	at org.apache.catalina.core.ApplicationFilterChain.internalDoFilter(ApplicationFilterChain.java:193)
	at org.apache.catalina.core.ApplicationFilterChain.doFilter(ApplicationFilterChain.java:166)
	at org.apache.catalina.core.StandardWrapperValve.invoke(StandardWrapperValve.java:202)
	at org.apache.catalina.core.StandardContextValve.invoke(StandardContextValve.java:96)
	at org.apache.catalina.authenticator.AuthenticatorBase.invoke(AuthenticatorBase.java:526)
	at org.apache.catalina.core.StandardHostValve.invoke(StandardHostValve.java:139)
	at org.apache.catalina.valves.ErrorReportValve.invoke(ErrorReportValve.java:92)
	at org.apache.catalina.valves.AbstractAccessLogValve.invoke(AbstractAccessLogValve.java:678)
	at org.apache.catalina.core.StandardEngineValve.invoke(StandardEngineValve.java:74)
	at org.apache.catalina.connector.CoyoteAdapter.service(CoyoteAdapter.java:343)
	at org.apache.coyote.http11.Http11Processor.service(Http11Processor.java:408)
	at org.apache.coyote.AbstractProcessorLight.process(AbstractProcessorLight.java:66)
	at org.apache.coyote.AbstractProtocol$ConnectionHandler.process(AbstractProtocol.java:860)
	at org.apache.tomcat.util.net.NioEndpoint$SocketProcessor.doRun(NioEndpoint.java:1587)
	at org.apache.tomcat.util.net.SocketProcessorBase.run(SocketProcessorBase.java:49)
	at java.util.concurrent.ThreadPoolExecutor.runWorker(ThreadPoolExecutor.java:1149)
	at java.util.concurrent.ThreadPoolExecutor$Worker.run(ThreadPoolExecutor.java:624)
	at org.apache.tomcat.util.threads.TaskThread$WrappingRunnable.run(TaskThread.java:61)
	at java.lang.Thread.run(Thread.java:748)
type param: CartoonGAN_Hayao
Runtime.getRuntime().exec() return code: 1
type param: CartoonGAN_Hayao
java.io.FileNotFoundException: /home/kehan/android-workspace/PictureMasterServer/apache-tomcat-9.0.24/webapps/PictureMasterServer_war/input_imgs (Is a directory)
	at java.io.FileOutputStream.open0(Native Method)
	at java.io.FileOutputStream.open(FileOutputStream.java:270)
	at java.io.FileOutputStream.<init>(FileOutputStream.java:213)
	at java.io.FileOutputStream.<init>(FileOutputStream.java:162)
	at org.apache.commons.fileupload.disk.DiskFileItem.write(DiskFileItem.java:389)
	at com.picturemaster.AiPictureConvertor.runCartoonGANHayao(AiPictureConvertor.java:92)
	at com.picturemaster.PictureMasterServlet.doPost(PictureMasterServlet.java:85)
	at javax.servlet.http.HttpServlet.service(HttpServlet.java:660)
	at javax.servlet.http.HttpServlet.service(HttpServlet.java:741)
	at org.apache.catalina.core.ApplicationFilterChain.internalDoFilter(ApplicationFilterChain.java:231)
	at org.apache.catalina.core.ApplicationFilterChain.doFilter(ApplicationFilterChain.java:166)
	at org.apache.tomcat.websocket.server.WsFilter.doFilter(WsFilter.java:53)
	at org.apache.catalina.core.ApplicationFilterChain.internalDoFilter(ApplicationFilterChain.java:193)
	at org.apache.catalina.core.ApplicationFilterChain.doFilter(ApplicationFilterChain.java:166)
	at org.apache.catalina.core.StandardWrapperValve.invoke(StandardWrapperValve.java:202)
	at org.apache.catalina.core.StandardContextValve.invoke(StandardContextValve.java:96)
	at org.apache.catalina.authenticator.AuthenticatorBase.invoke(AuthenticatorBase.java:526)
	at org.apache.catalina.core.StandardHostValve.invoke(StandardHostValve.java:139)
	at org.apache.catalina.valves.ErrorReportValve.invoke(ErrorReportValve.java:92)
	at org.apache.catalina.valves.AbstractAccessLogValve.invoke(AbstractAccessLogValve.java:678)
	at org.apache.catalina.core.StandardEngineValve.invoke(StandardEngineValve.java:74)
	at org.apache.catalina.connector.CoyoteAdapter.service(CoyoteAdapter.java:343)
	at org.apache.coyote.http11.Http11Processor.service(Http11Processor.java:408)
	at org.apache.coyote.AbstractProcessorLight.process(AbstractProcessorLight.java:66)
	at org.apache.coyote.AbstractProtocol$ConnectionHandler.process(AbstractProtocol.java:860)
	at org.apache.tomcat.util.net.NioEndpoint$SocketProcessor.doRun(NioEndpoint.java:1587)
	at org.apache.tomcat.util.net.SocketProcessorBase.run(SocketProcessorBase.java:49)
	at java.util.concurrent.ThreadPoolExecutor.runWorker(ThreadPoolExecutor.java:1149)
	at java.util.concurrent.ThreadPoolExecutor$Worker.run(ThreadPoolExecutor.java:624)
	at org.apache.tomcat.util.threads.TaskThread$WrappingRunnable.run(TaskThread.java:61)
	at java.lang.Thread.run(Thread.java:748)
type param: CartoonGAN_Hayao
Runtime.getRuntime().exec() return code: 1
05-Sep-2019 11:10:36.897 INFO [main] org.apache.catalina.core.StandardServer.await A valid shutdown command was received via the shutdown port. Stopping the Server instance.
05-Sep-2019 11:10:36.898 INFO [main] org.apache.coyote.AbstractProtocol.pause Pausing ProtocolHandler ["http-nio-8080"]
05-Sep-2019 11:10:36.904 INFO [main] org.apache.coyote.AbstractProtocol.pause Pausing ProtocolHandler ["ajp-nio-8009"]
05-Sep-2019 11:10:36.910 INFO [main] org.apache.catalina.core.StandardService.stopInternal Stopping service [Catalina]
05-Sep-2019 11:10:36.910 SEVERE [main] org.apache.catalina.mapper.MapperListener.findDefaultHost Unknown default host [localhost] for service [StandardService[Catalina]]. Tomcat will not be able process HTTP/1.0 requests that do not specify a host name.
05-Sep-2019 11:10:36.917 INFO [main] org.apache.catalina.core.ApplicationContext.log SessionListener: contextDestroyed()
05-Sep-2019 11:10:36.917 INFO [main] org.apache.catalina.core.ApplicationContext.log ContextListener: contextDestroyed()
05-Sep-2019 11:10:36.928 INFO [main] org.apache.coyote.AbstractProtocol.stop Stopping ProtocolHandler ["http-nio-8080"]
05-Sep-2019 11:10:36.929 INFO [main] org.apache.coyote.AbstractProtocol.stop Stopping ProtocolHandler ["ajp-nio-8009"]
05-Sep-2019 11:10:36.929 INFO [main] org.apache.coyote.AbstractProtocol.destroy Destroying ProtocolHandler ["http-nio-8080"]
05-Sep-2019 11:10:36.930 INFO [main] org.apache.coyote.AbstractProtocol.destroy Destroying ProtocolHandler ["ajp-nio-8009"]
